{"C:\\Users\\HomePC\\Ismaeel.io\\Projects\\node-js-app\\src\\config.ts": {"path":"C:\\Users\\HomePC\\Ismaeel.io\\Projects\\node-js-app\\src\\config.ts","statementMap":{"0":{"start":{"line":1,"column":15},"end":{"line":26,"column":2}},"1":{"start":{"line":28,"column":0},"end":{"line":28,"column":22}}},"fnMap":{},"branchMap":{"0":{"loc":{"start":{"line":2,"column":7},"end":{"line":2,"column":44}},"type":"binary-expr","locations":[{"start":{"line":2,"column":7},"end":{"line":2,"column":27}},{"start":{"line":2,"column":31},"end":{"line":2,"column":44}}]},"1":{"loc":{"start":{"line":3,"column":17},"end":{"line":3,"column":43}},"type":"binary-expr","locations":[{"start":{"line":3,"column":17},"end":{"line":3,"column":33}},{"start":{"line":3,"column":37},"end":{"line":3,"column":43}}]},"2":{"loc":{"start":{"line":5,"column":12},"end":{"line":5,"column":43}},"type":"binary-expr","locations":[{"start":{"line":5,"column":12},"end":{"line":5,"column":33}},{"start":{"line":5,"column":37},"end":{"line":5,"column":43}}]},"3":{"loc":{"start":{"line":6,"column":20},"end":{"line":6,"column":60}},"type":"binary-expr","locations":[{"start":{"line":6,"column":20},"end":{"line":6,"column":50}},{"start":{"line":6,"column":54},"end":{"line":6,"column":60}}]},"4":{"loc":{"start":{"line":7,"column":28},"end":{"line":7,"column":65}},"type":"binary-expr","locations":[{"start":{"line":7,"column":28},"end":{"line":7,"column":57}},{"start":{"line":7,"column":61},"end":{"line":7,"column":65}}]},"5":{"loc":{"start":{"line":9,"column":9},"end":{"line":9,"column":39}},"type":"binary-expr","locations":[{"start":{"line":9,"column":9},"end":{"line":9,"column":33}},{"start":{"line":9,"column":37},"end":{"line":9,"column":39}}]},"6":{"loc":{"start":{"line":10,"column":10},"end":{"line":10,"column":69}},"type":"cond-expr","locations":[{"start":{"line":10,"column":32},"end":{"line":10,"column":61}},{"start":{"line":10,"column":64},"end":{"line":10,"column":69}}]},"7":{"loc":{"start":{"line":11,"column":10},"end":{"line":11,"column":44}},"type":"binary-expr","locations":[{"start":{"line":11,"column":10},"end":{"line":11,"column":29}},{"start":{"line":11,"column":33},"end":{"line":11,"column":44}}]},"8":{"loc":{"start":{"line":12,"column":10},"end":{"line":12,"column":39}},"type":"binary-expr","locations":[{"start":{"line":12,"column":10},"end":{"line":12,"column":29}},{"start":{"line":12,"column":33},"end":{"line":12,"column":39}}]},"9":{"loc":{"start":{"line":13,"column":14},"end":{"line":13,"column":49}},"type":"binary-expr","locations":[{"start":{"line":13,"column":14},"end":{"line":13,"column":37}},{"start":{"line":13,"column":41},"end":{"line":13,"column":49}}]},"10":{"loc":{"start":{"line":15,"column":13},"end":{"line":15,"column":41}},"type":"binary-expr","locations":[{"start":{"line":15,"column":13},"end":{"line":15,"column":35}},{"start":{"line":15,"column":39},"end":{"line":15,"column":41}}]},"11":{"loc":{"start":{"line":16,"column":17},"end":{"line":16,"column":50}},"type":"binary-expr","locations":[{"start":{"line":16,"column":17},"end":{"line":16,"column":44}},{"start":{"line":16,"column":48},"end":{"line":16,"column":50}}]},"12":{"loc":{"start":{"line":17,"column":12},"end":{"line":17,"column":38}},"type":"binary-expr","locations":[{"start":{"line":17,"column":12},"end":{"line":17,"column":32}},{"start":{"line":17,"column":36},"end":{"line":17,"column":38}}]},"13":{"loc":{"start":{"line":19,"column":12},"end":{"line":19,"column":45}},"type":"binary-expr","locations":[{"start":{"line":19,"column":12},"end":{"line":19,"column":35}},{"start":{"line":19,"column":39},"end":{"line":19,"column":45}}]},"14":{"loc":{"start":{"line":20,"column":10},"end":{"line":20,"column":37}},"type":"binary-expr","locations":[{"start":{"line":20,"column":10},"end":{"line":20,"column":31}},{"start":{"line":20,"column":35},"end":{"line":20,"column":37}}]},"15":{"loc":{"start":{"line":21,"column":10},"end":{"line":21,"column":44}},"type":"binary-expr","locations":[{"start":{"line":21,"column":10},"end":{"line":21,"column":39}},{"start":{"line":21,"column":43},"end":{"line":21,"column":44}}]},"16":{"loc":{"start":{"line":22,"column":14},"end":{"line":22,"column":45}},"type":"binary-expr","locations":[{"start":{"line":22,"column":14},"end":{"line":22,"column":39}},{"start":{"line":22,"column":43},"end":{"line":22,"column":45}}]},"17":{"loc":{"start":{"line":23,"column":14},"end":{"line":23,"column":45}},"type":"binary-expr","locations":[{"start":{"line":23,"column":14},"end":{"line":23,"column":39}},{"start":{"line":23,"column":43},"end":{"line":23,"column":45}}]},"18":{"loc":{"start":{"line":25,"column":14},"end":{"line":25,"column":43}},"type":"binary-expr","locations":[{"start":{"line":25,"column":14},"end":{"line":25,"column":37}},{"start":{"line":25,"column":41},"end":{"line":25,"column":43}}]}},"s":{"0":8,"1":8},"f":{},"b":{"0":[8,0],"1":[8,8],"2":[8,8],"3":[8,8],"4":[8,8],"5":[8,8],"6":[0,8],"7":[8,8],"8":[8,8],"9":[8,8],"10":[8,8],"11":[8,8],"12":[8,8],"13":[8,8],"14":[8,8],"15":[8,8],"16":[8,8],"17":[8,8],"18":[8,8]}}
,"C:\\Users\\HomePC\\Ismaeel.io\\Projects\\node-js-app\\src\\logger.ts": {"path":"C:\\Users\\HomePC\\Ismaeel.io\\Projects\\node-js-app\\src\\logger.ts","statementMap":{"0":{"start":{"line":1,"column":0},"end":{"line":1,"column":30}},"1":{"start":{"line":2,"column":0},"end":{"line":2,"column":30}},"2":{"start":{"line":3,"column":0},"end":{"line":3,"column":56}},"3":{"start":{"line":5,"column":18},"end":{"line":11,"column":2}},"4":{"start":{"line":13,"column":15},"end":{"line":28,"column":2}},"5":{"start":{"line":23,"column":8},"end":{"line":23,"column":87}},"6":{"start":{"line":30,"column":28},"end":{"line":41,"column":2}},"7":{"start":{"line":43,"column":0},"end":{"line":43,"column":32}},"8":{"start":{"line":45,"column":0},"end":{"line":45,"column":22}}},"fnMap":{"0":{"name":"(anonymous_1)","decl":{"start":{"line":22,"column":6},"end":{"line":22,"column":7}},"loc":{"start":{"line":22,"column":60},"end":{"line":24,"column":7}}}},"branchMap":{"0":{"loc":{"start":{"line":23,"column":41},"end":{"line":23,"column":58}},"type":"binary-expr","locations":[{"start":{"line":23,"column":41},"end":{"line":23,"column":52}},{"start":{"line":23,"column":56},"end":{"line":23,"column":58}}]},"1":{"loc":{"start":{"line":23,"column":73},"end":{"line":23,"column":84}},"type":"binary-expr","locations":[{"start":{"line":23,"column":73},"end":{"line":23,"column":78}},{"start":{"line":23,"column":82},"end":{"line":23,"column":84}}]}},"s":{"0":3,"1":3,"2":3,"3":3,"4":3,"5":4,"6":3,"7":3,"8":3},"f":{"0":4},"b":{"0":[4,4],"1":[4,4]}}
,"C:\\Users\\HomePC\\Ismaeel.io\\Projects\\node-js-app\\src\\server.ts": {"path":"C:\\Users\\HomePC\\Ismaeel.io\\Projects\\node-js-app\\src\\server.ts","statementMap":{"0":{"start":{"line":9,"column":0},"end":{"line":9,"column":16}},"1":{"start":{"line":1,"column":0},"end":{"line":1,"column":53}},"2":{"start":{"line":3,"column":0},"end":{"line":3,"column":24}},"3":{"start":{"line":4,"column":0},"end":{"line":4,"column":30}},"4":{"start":{"line":5,"column":0},"end":{"line":5,"column":29}},"5":{"start":{"line":6,"column":0},"end":{"line":6,"column":54}},"6":{"start":{"line":7,"column":0},"end":{"line":7,"column":51}},"7":{"start":{"line":10,"column":14},"end":{"line":10,"column":23}},"8":{"start":{"line":11,"column":2},"end":{"line":16,"column":17}},"9":{"start":{"line":18,"column":2},"end":{"line":20,"column":5}},"10":{"start":{"line":19,"column":4},"end":{"line":19,"column":52}},"11":{"start":{"line":22,"column":2},"end":{"line":22,"column":21}},"12":{"start":{"line":24,"column":2},"end":{"line":24,"column":24}},"13":{"start":{"line":26,"column":2},"end":{"line":26,"column":13}}},"fnMap":{"0":{"name":"createServer","decl":{"start":{"line":9,"column":16},"end":{"line":9,"column":28}},"loc":{"start":{"line":9,"column":28},"end":{"line":27,"column":1}}},"1":{"name":"(anonymous_2)","decl":{"start":{"line":18,"column":21},"end":{"line":18,"column":22}},"loc":{"start":{"line":18,"column":53},"end":{"line":20,"column":3}}}},"branchMap":{},"s":{"0":1,"1":1,"2":1,"3":1,"4":1,"5":1,"6":1,"7":4,"8":4,"9":4,"10":1,"11":4,"12":4,"13":4},"f":{"0":4,"1":1},"b":{}}
,"C:\\Users\\HomePC\\Ismaeel.io\\Projects\\node-js-app\\src\\utils.ts": {"path":"C:\\Users\\HomePC\\Ismaeel.io\\Projects\\node-js-app\\src\\utils.ts","statementMap":{"0":{"start":{"line":5,"column":0},"end":{"line":5,"column":16}},"1":{"start":{"line":9,"column":0},"end":{"line":9,"column":16}},"2":{"start":{"line":20,"column":0},"end":{"line":20,"column":16}},"3":{"start":{"line":39,"column":0},"end":{"line":39,"column":16}},"4":{"start":{"line":71,"column":0},"end":{"line":71,"column":16}},"5":{"start":{"line":86,"column":0},"end":{"line":86,"column":16}},"6":{"start":{"line":90,"column":0},"end":{"line":90,"column":16}},"7":{"start":{"line":2,"column":0},"end":{"line":2,"column":30}},"8":{"start":{"line":6,"column":2},"end":{"line":6,"column":15}},"9":{"start":{"line":10,"column":2},"end":{"line":10,"column":51}},"10":{"start":{"line":10,"column":30},"end":{"line":10,"column":51}},"11":{"start":{"line":12,"column":2},"end":{"line":13,"column":33}},"12":{"start":{"line":13,"column":4},"end":{"line":13,"column":33}},"13":{"start":{"line":15,"column":2},"end":{"line":15,"column":46}},"14":{"start":{"line":15,"column":33},"end":{"line":15,"column":46}},"15":{"start":{"line":17,"column":2},"end":{"line":17,"column":28}},"16":{"start":{"line":21,"column":15},"end":{"line":21,"column":53}},"17":{"start":{"line":22,"column":18},"end":{"line":22,"column":59}},"18":{"start":{"line":24,"column":20},"end":{"line":24,"column":54}},"19":{"start":{"line":26,"column":4},"end":{"line":26,"column":68}},"20":{"start":{"line":28,"column":16},"end":{"line":28,"column":28}},"21":{"start":{"line":29,"column":17},"end":{"line":29,"column":47}},"22":{"start":{"line":31,"column":2},"end":{"line":36,"column":4}},"23":{"start":{"line":44,"column":6},"end":{"line":44,"column":15}},"24":{"start":{"line":47,"column":2},"end":{"line":50,"column":29}},"25":{"start":{"line":47,"column":59},"end":{"line":47,"column":76}},"26":{"start":{"line":48,"column":7},"end":{"line":50,"column":29}},"27":{"start":{"line":49,"column":4},"end":{"line":49,"column":22}},"28":{"start":{"line":50,"column":7},"end":{"line":50,"column":29}},"29":{"start":{"line":52,"column":45},"end":{"line":52,"column":66}},"30":{"start":{"line":54,"column":2},"end":{"line":62,"column":3}},"31":{"start":{"line":55,"column":31},"end":{"line":55,"column":54}},"32":{"start":{"line":56,"column":4},"end":{"line":61,"column":5}},"33":{"start":{"line":60,"column":6},"end":{"line":60,"column":57}},"34":{"start":{"line":64,"column":2},"end":{"line":68,"column":4}},"35":{"start":{"line":72,"column":18},"end":{"line":72,"column":59}},"36":{"start":{"line":74,"column":4},"end":{"line":74,"column":68}},"37":{"start":{"line":76,"column":21},"end":{"line":76,"column":63}},"38":{"start":{"line":77,"column":21},"end":{"line":77,"column":63}},"39":{"start":{"line":79,"column":2},"end":{"line":83,"column":4}},"40":{"start":{"line":87,"column":2},"end":{"line":87,"column":47}},"41":{"start":{"line":91,"column":2},"end":{"line":91,"column":56}}},"fnMap":{"0":{"name":"add","decl":{"start":{"line":5,"column":16},"end":{"line":5,"column":19}},"loc":{"start":{"line":5,"column":40},"end":{"line":7,"column":1}}},"1":{"name":"getErrorMessage","decl":{"start":{"line":9,"column":16},"end":{"line":9,"column":31}},"loc":{"start":{"line":9,"column":46},"end":{"line":18,"column":1}}},"2":{"name":"getPaginationParams","decl":{"start":{"line":20,"column":16},"end":{"line":20,"column":35}},"loc":{"start":{"line":20,"column":48},"end":{"line":37,"column":1}}},"3":{"name":"parseTaskQueryParams","decl":{"start":{"line":39,"column":16},"end":{"line":39,"column":36}},"loc":{"start":{"line":39,"column":49},"end":{"line":69,"column":1}}},"4":{"name":"getCursorPaginationParams","decl":{"start":{"line":71,"column":16},"end":{"line":71,"column":41}},"loc":{"start":{"line":71,"column":54},"end":{"line":84,"column":1}}},"5":{"name":"encodeBase64","decl":{"start":{"line":86,"column":16},"end":{"line":86,"column":28}},"loc":{"start":{"line":86,"column":42},"end":{"line":88,"column":1}}},"6":{"name":"decodeBase64","decl":{"start":{"line":90,"column":16},"end":{"line":90,"column":28}},"loc":{"start":{"line":90,"column":42},"end":{"line":92,"column":1}}}},"branchMap":{"0":{"loc":{"start":{"line":10,"column":2},"end":{"line":10,"column":51}},"type":"if","locations":[{"start":{"line":10,"column":2},"end":{"line":10,"column":51}},{"start":{},"end":{}}]},"1":{"loc":{"start":{"line":12,"column":2},"end":{"line":13,"column":33}},"type":"if","locations":[{"start":{"line":12,"column":2},"end":{"line":13,"column":33}},{"start":{},"end":{}}]},"2":{"loc":{"start":{"line":12,"column":6},"end":{"line":12,"column":62}},"type":"binary-expr","locations":[{"start":{"line":12,"column":6},"end":{"line":12,"column":11}},{"start":{"line":12,"column":15},"end":{"line":12,"column":40}},{"start":{"line":12,"column":44},"end":{"line":12,"column":62}}]},"3":{"loc":{"start":{"line":15,"column":2},"end":{"line":15,"column":46}},"type":"if","locations":[{"start":{"line":15,"column":2},"end":{"line":15,"column":46}},{"start":{},"end":{}}]},"4":{"loc":{"start":{"line":24,"column":20},"end":{"line":24,"column":54}},"type":"cond-expr","locations":[{"start":{"line":24,"column":46},"end":{"line":24,"column":47}},{"start":{"line":24,"column":50},"end":{"line":24,"column":54}}]},"5":{"loc":{"start":{"line":24,"column":20},"end":{"line":24,"column":43}},"type":"binary-expr","locations":[{"start":{"line":24,"column":20},"end":{"line":24,"column":31}},{"start":{"line":24,"column":35},"end":{"line":24,"column":43}}]},"6":{"loc":{"start":{"line":26,"column":4},"end":{"line":26,"column":68}},"type":"cond-expr","locations":[{"start":{"line":26,"column":36},"end":{"line":26,"column":58}},{"start":{"line":26,"column":61},"end":{"line":26,"column":68}}]},"7":{"loc":{"start":{"line":26,"column":4},"end":{"line":26,"column":33}},"type":"binary-expr","locations":[{"start":{"line":26,"column":4},"end":{"line":26,"column":18}},{"start":{"line":26,"column":22},"end":{"line":26,"column":33}}]},"8":{"loc":{"start":{"line":47,"column":2},"end":{"line":50,"column":29}},"type":"if","locations":[{"start":{"line":47,"column":2},"end":{"line":50,"column":29}},{"start":{"line":48,"column":7},"end":{"line":50,"column":29}}]},"9":{"loc":{"start":{"line":47,"column":6},"end":{"line":47,"column":57}},"type":"binary-expr","locations":[{"start":{"line":47,"column":6},"end":{"line":47,"column":28}},{"start":{"line":47,"column":32},"end":{"line":47,"column":57}}]},"10":{"loc":{"start":{"line":48,"column":7},"end":{"line":50,"column":29}},"type":"if","locations":[{"start":{"line":48,"column":7},"end":{"line":50,"column":29}},{"start":{"line":50,"column":7},"end":{"line":50,"column":29}}]},"11":{"loc":{"start":{"line":48,"column":11},"end":{"line":48,"column":63}},"type":"binary-expr","locations":[{"start":{"line":48,"column":11},"end":{"line":48,"column":33}},{"start":{"line":48,"column":37},"end":{"line":48,"column":63}}]},"12":{"loc":{"start":{"line":54,"column":2},"end":{"line":62,"column":3}},"type":"if","locations":[{"start":{"line":54,"column":2},"end":{"line":62,"column":3}},{"start":{},"end":{}}]},"13":{"loc":{"start":{"line":56,"column":4},"end":{"line":61,"column":5}},"type":"if","locations":[{"start":{"line":56,"column":4},"end":{"line":61,"column":5}},{"start":{},"end":{}}]},"14":{"loc":{"start":{"line":57,"column":6},"end":{"line":58,"column":41}},"type":"binary-expr","locations":[{"start":{"line":57,"column":6},"end":{"line":57,"column":48}},{"start":{"line":58,"column":6},"end":{"line":58,"column":41}}]},"15":{"loc":{"start":{"line":74,"column":4},"end":{"line":74,"column":68}},"type":"cond-expr","locations":[{"start":{"line":74,"column":36},"end":{"line":74,"column":58}},{"start":{"line":74,"column":61},"end":{"line":74,"column":68}}]},"16":{"loc":{"start":{"line":74,"column":4},"end":{"line":74,"column":33}},"type":"binary-expr","locations":[{"start":{"line":74,"column":4},"end":{"line":74,"column":18}},{"start":{"line":74,"column":22},"end":{"line":74,"column":33}}]},"17":{"loc":{"start":{"line":81,"column":16},"end":{"line":81,"column":65}},"type":"cond-expr","locations":[{"start":{"line":81,"column":29},"end":{"line":81,"column":53}},{"start":{"line":81,"column":56},"end":{"line":81,"column":65}}]},"18":{"loc":{"start":{"line":82,"column":16},"end":{"line":82,"column":65}},"type":"cond-expr","locations":[{"start":{"line":82,"column":29},"end":{"line":82,"column":53}},{"start":{"line":82,"column":56},"end":{"line":82,"column":65}}]}},"s":{"0":4,"1":4,"2":4,"3":4,"4":4,"5":4,"6":4,"7":4,"8":1,"9":3,"10":2,"11":1,"12":1,"13":0,"14":0,"15":0,"16":2,"17":2,"18":2,"19":2,"20":2,"21":2,"22":2,"23":0,"24":0,"25":0,"26":0,"27":0,"28":0,"29":0,"30":0,"31":0,"32":0,"33":0,"34":0,"35":0,"36":0,"37":0,"38":0,"39":0,"40":0,"41":0},"f":{"0":1,"1":3,"2":2,"3":0,"4":0,"5":0,"6":0},"b":{"0":[2,1],"1":[1,0],"2":[1,1,1],"3":[0,0],"4":[1,1],"5":[2,1],"6":[1,1],"7":[2,1],"8":[0,0],"9":[0,0],"10":[0,0],"11":[0,0],"12":[0,0],"13":[0,0],"14":[0,0],"15":[0,0],"16":[0,0],"17":[0,0],"18":[0,0]}}
,"C:\\Users\\HomePC\\Ismaeel.io\\Projects\\node-js-app\\src\\data\\request-schema.ts": {"path":"C:\\Users\\HomePC\\Ismaeel.io\\Projects\\node-js-app\\src\\data\\request-schema.ts","statementMap":{"0":{"start":{"line":1,"column":0},"end":{"line":1,"column":22}},"1":{"start":{"line":3,"column":13},"end":{"line":41,"column":2}},"2":{"start":{"line":43,"column":13},"end":{"line":43,"column":49}},"3":{"start":{"line":45,"column":13},"end":{"line":53,"column":71}}},"fnMap":{},"branchMap":{},"s":{"0":1,"1":1,"2":1,"3":1},"f":{},"b":{}}
,"C:\\Users\\HomePC\\Ismaeel.io\\Projects\\node-js-app\\src\\data\\entities\\Task.ts": {"path":"C:\\Users\\HomePC\\Ismaeel.io\\Projects\\node-js-app\\src\\data\\entities\\Task.ts","statementMap":{"0":{"start":{"line":1,"column":0},"end":{"line":1,"column":69}},"1":{"start":{"line":25,"column":4},"end":{"line":25,"column":17}},"2":{"start":{"line":26,"column":4},"end":{"line":26,"column":27}},"3":{"start":{"line":27,"column":4},"end":{"line":27,"column":33}},"4":{"start":{"line":28,"column":4},"end":{"line":28,"column":21}},"5":{"start":{"line":29,"column":4},"end":{"line":29,"column":35}},"6":{"start":{"line":30,"column":4},"end":{"line":30,"column":29}},"7":{"start":{"line":31,"column":4},"end":{"line":31,"column":33}},"8":{"start":{"line":32,"column":4},"end":{"line":32,"column":37}},"9":{"start":{"line":36,"column":4},"end":{"line":36,"column":72}},"10":{"start":{"line":36,"column":27},"end":{"line":36,"column":72}},"11":{"start":{"line":38,"column":4},"end":{"line":38,"column":35}},"12":{"start":{"line":42,"column":4},"end":{"line":42,"column":36}},"13":{"start":{"line":42,"column":24},"end":{"line":42,"column":36}},"14":{"start":{"line":44,"column":18},"end":{"line":44,"column":28}},"15":{"start":{"line":45,"column":26},"end":{"line":45,"column":36}},"16":{"start":{"line":46,"column":29},"end":{"line":46,"column":39}},"17":{"start":{"line":47,"column":4},"end":{"line":47,"column":47}},"18":{"start":{"line":48,"column":4},"end":{"line":48,"column":50}},"19":{"start":{"line":50,"column":4},"end":{"line":50,"column":54}},"20":{"start":{"line":50,"column":40},"end":{"line":50,"column":54}},"21":{"start":{"line":51,"column":4},"end":{"line":51,"column":59}},"22":{"start":{"line":51,"column":43},"end":{"line":51,"column":59}},"23":{"start":{"line":52,"column":4},"end":{"line":53,"column":21}},"24":{"start":{"line":52,"column":42},"end":{"line":52,"column":55}},"25":{"start":{"line":53,"column":9},"end":{"line":53,"column":21}},"26":{"start":{"line":58,"column":4},"end":{"line":58,"column":35}},"27":{"start":{"line":62,"column":4},"end":{"line":62,"column":44}},"28":{"start":{"line":4,"column":0},"end":{"line":4,"column":13}},"29":{"start":{"line":13,"column":2},"end":{"line":13,"column":null}},"30":{"start":{"line":57,"column":2},"end":{"line":59,"column":null}}},"fnMap":{"0":{"name":"(anonymous_1)","decl":{"start":{"line":15,"column":2},"end":{"line":15,"column":null}},"loc":{"start":{"line":23,"column":20},"end":{"line":33,"column":3}}},"1":{"name":"(anonymous_2)","decl":{"start":{"line":35,"column":2},"end":{"line":35,"column":17}},"loc":{"start":{"line":35,"column":17},"end":{"line":39,"column":3}}},"2":{"name":"(anonymous_3)","decl":{"start":{"line":41,"column":2},"end":{"line":41,"column":18}},"loc":{"start":{"line":41,"column":18},"end":{"line":54,"column":3}}},"3":{"name":"(anonymous_4)","decl":{"start":{"line":57,"column":2},"end":{"line":57,"column":6}},"loc":{"start":{"line":57,"column":19},"end":{"line":59,"column":3}}},"4":{"name":"(anonymous_5)","decl":{"start":{"line":61,"column":2},"end":{"line":61,"column":7}},"loc":{"start":{"line":61,"column":7},"end":{"line":63,"column":3}}}},"branchMap":{"0":{"loc":{"start":{"line":36,"column":4},"end":{"line":36,"column":72}},"type":"if","locations":[{"start":{"line":36,"column":4},"end":{"line":36,"column":72}},{"start":{},"end":{}}]},"1":{"loc":{"start":{"line":42,"column":4},"end":{"line":42,"column":36}},"type":"if","locations":[{"start":{"line":42,"column":4},"end":{"line":42,"column":36}},{"start":{},"end":{}}]},"2":{"loc":{"start":{"line":50,"column":4},"end":{"line":50,"column":54}},"type":"if","locations":[{"start":{"line":50,"column":4},"end":{"line":50,"column":54}},{"start":{},"end":{}}]},"3":{"loc":{"start":{"line":51,"column":4},"end":{"line":51,"column":59}},"type":"if","locations":[{"start":{"line":51,"column":4},"end":{"line":51,"column":59}},{"start":{},"end":{}}]},"4":{"loc":{"start":{"line":52,"column":4},"end":{"line":53,"column":21}},"type":"if","locations":[{"start":{"line":52,"column":4},"end":{"line":53,"column":21}},{"start":{"line":53,"column":9},"end":{"line":53,"column":21}}]}},"s":{"0":3,"1":5,"2":5,"3":5,"4":5,"5":5,"6":5,"7":5,"8":5,"9":3,"10":1,"11":2,"12":9,"13":1,"14":8,"15":8,"16":8,"17":8,"18":8,"19":8,"20":6,"21":2,"22":1,"23":1,"24":1,"25":0,"26":5,"27":1,"28":3,"29":3,"30":3},"f":{"0":5,"1":3,"2":9,"3":5,"4":1},"b":{"0":[1,2],"1":[1,8],"2":[6,2],"3":[1,1],"4":[1,0]}}
,"C:\\Users\\HomePC\\Ismaeel.io\\Projects\\node-js-app\\src\\data\\repositories\\AddProjectRepository.ts": {"path":"C:\\Users\\HomePC\\Ismaeel.io\\Projects\\node-js-app\\src\\data\\repositories\\AddProjectRepository.ts","statementMap":{"0":{"start":{"line":14,"column":0},"end":{"line":14,"column":16}},"1":{"start":{"line":10,"column":0},"end":{"line":10,"column":63}},"2":{"start":{"line":17,"column":2},"end":{"line":117,"column":4}},"3":{"start":{"line":22,"column":6},"end":{"line":28,"column":8}},"4":{"start":{"line":35,"column":20},"end":{"line":37,"column":8}},"5":{"start":{"line":38,"column":32},"end":{"line":45,"column":8}},"6":{"start":{"line":47,"column":6},"end":{"line":50,"column":8}},"7":{"start":{"line":48,"column":44},"end":{"line":48,"column":68}},"8":{"start":{"line":80,"column":22},"end":{"line":85,"column":8}},"9":{"start":{"line":87,"column":6},"end":{"line":92,"column":11}},"10":{"start":{"line":88,"column":8},"end":{"line":92,"column":11}},"11":{"start":{"line":94,"column":6},"end":{"line":94,"column":38}}},"fnMap":{"0":{"name":"AddProjectRepository","decl":{"start":{"line":14,"column":16},"end":{"line":14,"column":36}},"loc":{"start":{"line":15,"column":13},"end":{"line":118,"column":1}}},"1":{"name":"(anonymous_2)","decl":{"start":{"line":21,"column":4},"end":{"line":21,"column":14}},"loc":{"start":{"line":21,"column":37},"end":{"line":29,"column":5}}},"2":{"name":"(anonymous_3)","decl":{"start":{"line":31,"column":4},"end":{"line":31,"column":9}},"loc":{"start":{"line":33,"column":21},"end":{"line":77,"column":5}}},"3":{"name":"(anonymous_4)","decl":{"start":{"line":48,"column":31},"end":{"line":48,"column":32}},"loc":{"start":{"line":48,"column":44},"end":{"line":48,"column":68}}},"4":{"name":"(anonymous_5)","decl":{"start":{"line":79,"column":4},"end":{"line":79,"column":9}},"loc":{"start":{"line":79,"column":48},"end":{"line":95,"column":5}}}},"branchMap":{"0":{"loc":{"start":{"line":41,"column":16},"end":{"line":41,"column":48}},"type":"binary-expr","locations":[{"start":{"line":41,"column":16},"end":{"line":41,"column":27}},{"start":{"line":41,"column":31},"end":{"line":41,"column":48}}]},"1":{"loc":{"start":{"line":42,"column":16},"end":{"line":42,"column":50}},"type":"binary-expr","locations":[{"start":{"line":42,"column":16},"end":{"line":42,"column":28}},{"start":{"line":42,"column":32},"end":{"line":42,"column":50}}]},"2":{"loc":{"start":{"line":87,"column":6},"end":{"line":92,"column":11}},"type":"if","locations":[{"start":{"line":87,"column":6},"end":{"line":92,"column":11}},{"start":{},"end":{}}]}},"s":{"0":4,"1":4,"2":4,"3":0,"4":0,"5":0,"6":0,"7":0,"8":0,"9":0,"10":0,"11":0},"f":{"0":4,"1":0,"2":0,"3":0,"4":0},"b":{"0":[0,0],"1":[0,0],"2":[0,0]}}
,"C:\\Users\\HomePC\\Ismaeel.io\\Projects\\node-js-app\\src\\data\\repositories\\AddTaskRepository.ts": {"path":"C:\\Users\\HomePC\\Ismaeel.io\\Projects\\node-js-app\\src\\data\\repositories\\AddTaskRepository.ts","statementMap":{"0":{"start":{"line":14,"column":0},"end":{"line":14,"column":16}},"1":{"start":{"line":9,"column":0},"end":{"line":9,"column":63}},"2":{"start":{"line":17,"column":2},"end":{"line":134,"column":4}},"3":{"start":{"line":19,"column":6},"end":{"line":28,"column":8}},"4":{"start":{"line":35,"column":43},"end":{"line":42,"column":8}},"5":{"start":{"line":44,"column":6},"end":{"line":50,"column":7}},"6":{"start":{"line":45,"column":8},"end":{"line":49,"column":9}},"7":{"start":{"line":46,"column":10},"end":{"line":46,"column":45}},"8":{"start":{"line":48,"column":10},"end":{"line":48,"column":36}},"9":{"start":{"line":74,"column":29},"end":{"line":82,"column":8}},"10":{"start":{"line":84,"column":6},"end":{"line":87,"column":8}},"11":{"start":{"line":85,"column":35},"end":{"line":85,"column":53}},"12":{"start":{"line":91,"column":19},"end":{"line":96,"column":8}},"13":{"start":{"line":98,"column":6},"end":{"line":103,"column":11}},"14":{"start":{"line":99,"column":8},"end":{"line":103,"column":11}},"15":{"start":{"line":105,"column":6},"end":{"line":105,"column":32}},"16":{"start":{"line":109,"column":19},"end":{"line":114,"column":8}},"17":{"start":{"line":116,"column":6},"end":{"line":116,"column":32}},"18":{"start":{"line":124,"column":19},"end":{"line":130,"column":8}},"19":{"start":{"line":132,"column":6},"end":{"line":132,"column":32}}},"fnMap":{"0":{"name":"AddTaskRespository","decl":{"start":{"line":14,"column":16},"end":{"line":14,"column":34}},"loc":{"start":{"line":15,"column":13},"end":{"line":135,"column":1}}},"1":{"name":"(anonymous_2)","decl":{"start":{"line":18,"column":4},"end":{"line":18,"column":11}},"loc":{"start":{"line":18,"column":28},"end":{"line":29,"column":5}}},"2":{"name":"(anonymous_3)","decl":{"start":{"line":31,"column":4},"end":{"line":31,"column":9}},"loc":{"start":{"line":33,"column":21},"end":{"line":88,"column":5}}},"3":{"name":"(anonymous_4)","decl":{"start":{"line":85,"column":25},"end":{"line":85,"column":26}},"loc":{"start":{"line":85,"column":35},"end":{"line":85,"column":53}}},"4":{"name":"(anonymous_5)","decl":{"start":{"line":90,"column":4},"end":{"line":90,"column":9}},"loc":{"start":{"line":90,"column":45},"end":{"line":106,"column":5}}},"5":{"name":"(anonymous_6)","decl":{"start":{"line":108,"column":4},"end":{"line":108,"column":9}},"loc":{"start":{"line":108,"column":52},"end":{"line":117,"column":5}}},"6":{"name":"(anonymous_7)","decl":{"start":{"line":119,"column":4},"end":{"line":119,"column":9}},"loc":{"start":{"line":122,"column":21},"end":{"line":133,"column":5}}}},"branchMap":{"0":{"loc":{"start":{"line":44,"column":6},"end":{"line":50,"column":7}},"type":"if","locations":[{"start":{"line":44,"column":6},"end":{"line":50,"column":7}},{"start":{},"end":{}}]},"1":{"loc":{"start":{"line":45,"column":8},"end":{"line":49,"column":9}},"type":"if","locations":[{"start":{"line":45,"column":8},"end":{"line":49,"column":9}},{"start":{"line":47,"column":15},"end":{"line":49,"column":9}}]},"2":{"loc":{"start":{"line":77,"column":16},"end":{"line":77,"column":48}},"type":"binary-expr","locations":[{"start":{"line":77,"column":16},"end":{"line":77,"column":27}},{"start":{"line":77,"column":31},"end":{"line":77,"column":48}}]},"3":{"loc":{"start":{"line":78,"column":16},"end":{"line":78,"column":50}},"type":"binary-expr","locations":[{"start":{"line":78,"column":16},"end":{"line":78,"column":28}},{"start":{"line":78,"column":32},"end":{"line":78,"column":50}}]},"4":{"loc":{"start":{"line":98,"column":6},"end":{"line":103,"column":11}},"type":"if","locations":[{"start":{"line":98,"column":6},"end":{"line":103,"column":11}},{"start":{},"end":{}}]}},"s":{"0":4,"1":4,"2":4,"3":0,"4":0,"5":0,"6":0,"7":0,"8":0,"9":0,"10":0,"11":0,"12":0,"13":0,"14":0,"15":0,"16":0,"17":0,"18":0,"19":0},"f":{"0":4,"1":0,"2":0,"3":0,"4":0,"5":0,"6":0},"b":{"0":[0,0],"1":[0,0],"2":[0,0],"3":[0,0],"4":[0,0]}}
,"C:\\Users\\HomePC\\Ismaeel.io\\Projects\\node-js-app\\src\\data\\repositories\\BaseRepository.ts": {"path":"C:\\Users\\HomePC\\Ismaeel.io\\Projects\\node-js-app\\src\\data\\repositories\\BaseRepository.ts","statementMap":{"0":{"start":{"line":1,"column":0},"end":{"line":1,"column":30}},"1":{"start":{"line":2,"column":0},"end":{"line":2,"column":65}},"2":{"start":{"line":3,"column":0},"end":{"line":3,"column":56}},"3":{"start":{"line":7,"column":27},"end":{"line":7,"column":29}},"4":{"start":{"line":8,"column":28},"end":{"line":8,"column":29}},"5":{"start":{"line":11,"column":20},"end":{"line":17,"column":6}},"6":{"start":{"line":18,"column":4},"end":{"line":18,"column":48}},"7":{"start":{"line":22,"column":4},"end":{"line":22,"column":23}},"8":{"start":{"line":6,"column":0},"end":{"line":6,"column":21}}},"fnMap":{"0":{"name":"(anonymous_1)","decl":{"start":{"line":10,"column":2},"end":{"line":10,"column":null}},"loc":{"start":{"line":10,"column":2},"end":{"line":19,"column":3}}},"1":{"name":"(anonymous_2)","decl":{"start":{"line":21,"column":2},"end":{"line":21,"column":11}},"loc":{"start":{"line":21,"column":11},"end":{"line":23,"column":3}}}},"branchMap":{"0":{"loc":{"start":{"line":12,"column":12},"end":{"line":12,"column":41}},"type":"binary-expr","locations":[{"start":{"line":12,"column":12},"end":{"line":12,"column":26}},{"start":{"line":12,"column":30},"end":{"line":12,"column":41}}]},"1":{"loc":{"start":{"line":13,"column":12},"end":{"line":13,"column":35}},"type":"binary-expr","locations":[{"start":{"line":13,"column":12},"end":{"line":13,"column":26}},{"start":{"line":13,"column":30},"end":{"line":13,"column":35}}]}},"s":{"0":4,"1":4,"2":4,"3":4,"4":4,"5":4,"6":4,"7":0,"8":4},"f":{"0":4,"1":0},"b":{"0":[4,0],"1":[4,0]}}
,"C:\\Users\\HomePC\\Ismaeel.io\\Projects\\node-js-app\\src\\data\\repositories\\index.ts": {"path":"C:\\Users\\HomePC\\Ismaeel.io\\Projects\\node-js-app\\src\\data\\repositories\\index.ts","statementMap":{"0":{"start":{"line":1,"column":0},"end":{"line":1,"column":62}},"1":{"start":{"line":2,"column":0},"end":{"line":2,"column":57}},"2":{"start":{"line":3,"column":0},"end":{"line":3,"column":46}},"3":{"start":{"line":5,"column":13},"end":{"line":7,"column":5}}},"fnMap":{},"branchMap":{},"s":{"0":4,"1":4,"2":4,"3":4},"f":{},"b":{}}
,"C:\\Users\\HomePC\\Ismaeel.io\\Projects\\node-js-app\\src\\errors\\CustomError.ts": {"path":"C:\\Users\\HomePC\\Ismaeel.io\\Projects\\node-js-app\\src\\errors\\CustomError.ts","statementMap":{"0":{"start":{"line":17,"column":4},"end":{"line":17,"column":12}},"1":{"start":{"line":18,"column":4},"end":{"line":18,"column":27}},"2":{"start":{"line":19,"column":4},"end":{"line":19,"column":33}},"3":{"start":{"line":20,"column":4},"end":{"line":20,"column":34}},"4":{"start":{"line":24,"column":0},"end":{"line":24,"column":27}}},"fnMap":{"0":{"name":"(anonymous_0)","decl":{"start":{"line":8,"column":2},"end":{"line":8,"column":14}},"loc":{"start":{"line":16,"column":3},"end":{"line":21,"column":3}}}},"branchMap":{"0":{"loc":{"start":{"line":20,"column":16},"end":{"line":20,"column":33}},"type":"binary-expr","locations":[{"start":{"line":20,"column":16},"end":{"line":20,"column":20}},{"start":{"line":20,"column":24},"end":{"line":20,"column":33}}]}},"s":{"0":0,"1":0,"2":0,"3":0,"4":4},"f":{"0":0},"b":{"0":[0,0]}}
,"C:\\Users\\HomePC\\Ismaeel.io\\Projects\\node-js-app\\src\\errors\\EntityNotFoundError.ts": {"path":"C:\\Users\\HomePC\\Ismaeel.io\\Projects\\node-js-app\\src\\errors\\EntityNotFoundError.ts","statementMap":{"0":{"start":{"line":1,"column":0},"end":{"line":1,"column":40}},"1":{"start":{"line":5,"column":0},"end":{"line":5,"column":35}}},"fnMap":{},"branchMap":{},"s":{"0":4,"1":4},"f":{},"b":{}}
,"C:\\Users\\HomePC\\Ismaeel.io\\Projects\\node-js-app\\src\\generated\\prisma\\client.ts": {"path":"C:\\Users\\HomePC\\Ismaeel.io\\Projects\\node-js-app\\src\\generated\\prisma\\client.ts","statementMap":{"0":{"start":{"line":18,"column":0},"end":{"line":18,"column":42}},"1":{"start":{"line":19,"column":0},"end":{"line":19,"column":52}},"2":{"start":{"line":38,"column":9},"end":{"line":38,"column":15}},"3":{"start":{"line":21,"column":0},"end":{"line":21,"column":33}},"4":{"start":{"line":22,"column":0},"end":{"line":22,"column":23}},"5":{"start":{"line":36,"column":13},"end":{"line":36,"column":null}}},"fnMap":{},"branchMap":{},"s":{"0":4,"1":4,"2":4,"3":4,"4":4,"5":4},"f":{},"b":{}}
,"C:\\Users\\HomePC\\Ismaeel.io\\Projects\\node-js-app\\src\\generated\\prisma\\internal\\class.ts": {"path":"C:\\Users\\HomePC\\Ismaeel.io\\Projects\\node-js-app\\src\\generated\\prisma\\internal\\class.ts","statementMap":{"0":{"start":{"line":198,"column":0},"end":{"line":198,"column":16}},"1":{"start":{"line":14,"column":0},"end":{"line":14,"column":56}},"2":{"start":{"line":18,"column":46},"end":{"line":29,"column":null}},"3":{"start":{"line":31,"column":0},"end":{"line":31,"column":null}},"4":{"start":{"line":34,"column":21},"end":{"line":34,"column":48}},"5":{"start":{"line":35,"column":20},"end":{"line":35,"column":53}},"6":{"start":{"line":36,"column":2},"end":{"line":36,"column":null}},"7":{"start":{"line":39,"column":0},"end":{"line":46,"column":null}},"8":{"start":{"line":40,"column":26},"end":{"line":40,"column":91}},"9":{"start":{"line":43,"column":21},"end":{"line":43,"column":98}},"10":{"start":{"line":44,"column":4},"end":{"line":44,"column":null}},"11":{"start":{"line":199,"column":2},"end":{"line":199,"column":null}}},"fnMap":{"0":{"name":"decodeBase64AsWasm","decl":{"start":{"line":33,"column":15},"end":{"line":33,"column":33}},"loc":{"start":{"line":33,"column":52},"end":{"line":37,"column":1}}},"1":{"name":"(anonymous_10)","decl":{"start":{"line":34,"column":21},"end":{"line":34,"column":34}},"loc":{"start":{"line":34,"column":21},"end":{"line":34,"column":48}}},"2":{"name":"(anonymous_11)","decl":{"start":{"line":40,"column":14},"end":{"line":40,"column":19}},"loc":{"start":{"line":40,"column":26},"end":{"line":40,"column":91}}},"3":{"name":"(anonymous_12)","decl":{"start":{"line":40,"column":26},"end":{"line":40,"column":39}},"loc":{"start":{"line":40,"column":26},"end":{"line":40,"column":91}}},"4":{"name":"(anonymous_13)","decl":{"start":{"line":42,"column":30},"end":{"line":42,"column":35}},"loc":{"start":{"line":42,"column":41},"end":{"line":45,"column":3}}},"5":{"name":"(anonymous_14)","decl":{"start":{"line":43,"column":21},"end":{"line":43,"column":34}},"loc":{"start":{"line":43,"column":21},"end":{"line":43,"column":98}}},"6":{"name":"getPrismaClientClass","decl":{"start":{"line":198,"column":16},"end":{"line":198,"column":36}},"loc":{"start":{"line":198,"column":36},"end":{"line":200,"column":1}}}},"branchMap":{},"s":{"0":4,"1":4,"2":4,"3":4,"4":0,"5":0,"6":0,"7":4,"8":0,"9":0,"10":0,"11":4},"f":{"0":0,"1":0,"2":0,"3":0,"4":0,"5":0,"6":4},"b":{}}
,"C:\\Users\\HomePC\\Ismaeel.io\\Projects\\node-js-app\\src\\generated\\prisma\\internal\\prismaNamespace.ts": {"path":"C:\\Users\\HomePC\\Ismaeel.io\\Projects\\node-js-app\\src\\generated\\prisma\\internal\\prismaNamespace.ts","statementMap":{"0":{"start":{"line":18,"column":0},"end":{"line":18,"column":56}},"1":{"start":{"line":32,"column":13},"end":{"line":32,"column":null}},"2":{"start":{"line":35,"column":13},"end":{"line":35,"column":null}},"3":{"start":{"line":38,"column":13},"end":{"line":38,"column":null}},"4":{"start":{"line":41,"column":13},"end":{"line":41,"column":null}},"5":{"start":{"line":44,"column":13},"end":{"line":44,"column":null}},"6":{"start":{"line":50,"column":13},"end":{"line":50,"column":null}},"7":{"start":{"line":51,"column":13},"end":{"line":51,"column":null}},"8":{"start":{"line":52,"column":13},"end":{"line":52,"column":null}},"9":{"start":{"line":53,"column":13},"end":{"line":53,"column":null}},"10":{"start":{"line":54,"column":13},"end":{"line":54,"column":null}},"11":{"start":{"line":62,"column":13},"end":{"line":62,"column":null}},"12":{"start":{"line":71,"column":13},"end":{"line":71,"column":null}},"13":{"start":{"line":86,"column":13},"end":{"line":89,"column":null}},"14":{"start":{"line":104,"column":13},"end":{"line":108,"column":null}},"15":{"start":{"line":114,"column":13},"end":{"line":114,"column":null}},"16":{"start":{"line":121,"column":13},"end":{"line":121,"column":null}},"17":{"start":{"line":128,"column":13},"end":{"line":128,"column":null}},"18":{"start":{"line":386,"column":13},"end":{"line":389,"column":null}},"19":{"start":{"line":569,"column":13},"end":{"line":574,"column":null}},"20":{"start":{"line":579,"column":13},"end":{"line":589,"column":null}},"21":{"start":{"line":594,"column":13},"end":{"line":601,"column":null}},"22":{"start":{"line":606,"column":13},"end":{"line":609,"column":null}},"23":{"start":{"line":614,"column":13},"end":{"line":617,"column":null}},"24":{"start":{"line":622,"column":13},"end":{"line":628,"column":null}},"25":{"start":{"line":633,"column":13},"end":{"line":638,"column":null}},"26":{"start":{"line":676,"column":13},"end":{"line":676,"column":null}}},"fnMap":{},"branchMap":{},"s":{"0":4,"1":4,"2":4,"3":4,"4":4,"5":4,"6":4,"7":4,"8":4,"9":4,"10":4,"11":4,"12":4,"13":4,"14":4,"15":4,"16":4,"17":4,"18":4,"19":4,"20":4,"21":4,"22":4,"23":4,"24":4,"25":4,"26":4},"f":{},"b":{}}
,"C:\\Users\\HomePC\\Ismaeel.io\\Projects\\node-js-app\\src\\middleware\\error-handler.ts": {"path":"C:\\Users\\HomePC\\Ismaeel.io\\Projects\\node-js-app\\src\\middleware\\error-handler.ts","statementMap":{"0":{"start":{"line":8,"column":0},"end":{"line":8,"column":null}},"1":{"start":{"line":2,"column":0},"end":{"line":2,"column":31}},"2":{"start":{"line":3,"column":0},"end":{"line":3,"column":43}},"3":{"start":{"line":4,"column":0},"end":{"line":4,"column":48}},"4":{"start":{"line":5,"column":0},"end":{"line":5,"column":62}},"5":{"start":{"line":6,"column":0},"end":{"line":6,"column":22}},"6":{"start":{"line":14,"column":2},"end":{"line":17,"column":3}},"7":{"start":{"line":15,"column":4},"end":{"line":15,"column":16}},"8":{"start":{"line":16,"column":4},"end":{"line":16,"column":11}},"9":{"start":{"line":19,"column":2},"end":{"line":33,"column":3}},"10":{"start":{"line":20,"column":45},"end":{"line":29,"column":6}},"11":{"start":{"line":25,"column":44},"end":{"line":27,"column":10}},"12":{"start":{"line":31,"column":4},"end":{"line":31,"column":42}},"13":{"start":{"line":32,"column":4},"end":{"line":32,"column":11}},"14":{"start":{"line":35,"column":2},"end":{"line":45,"column":3}},"15":{"start":{"line":36,"column":4},"end":{"line":42,"column":7}},"16":{"start":{"line":44,"column":4},"end":{"line":44,"column":11}},"17":{"start":{"line":47,"column":2},"end":{"line":57,"column":3}},"18":{"start":{"line":48,"column":4},"end":{"line":54,"column":7}},"19":{"start":{"line":56,"column":4},"end":{"line":56,"column":11}},"20":{"start":{"line":59,"column":2},"end":{"line":63,"column":5}}},"fnMap":{"0":{"name":"default_1","decl":{"start":{"line":8,"column":0},"end":{"line":8,"column":null}},"loc":{"start":{"line":12,"column":20},"end":{"line":64,"column":1}}},"1":{"name":"(anonymous_2)","decl":{"start":{"line":25,"column":34},"end":{"line":25,"column":35}},"loc":{"start":{"line":25,"column":44},"end":{"line":27,"column":10}}}},"branchMap":{"0":{"loc":{"start":{"line":14,"column":2},"end":{"line":17,"column":3}},"type":"if","locations":[{"start":{"line":14,"column":2},"end":{"line":17,"column":3}},{"start":{},"end":{}}]},"1":{"loc":{"start":{"line":14,"column":6},"end":{"line":14,"column":37}},"type":"binary-expr","locations":[{"start":{"line":14,"column":6},"end":{"line":14,"column":21}},{"start":{"line":14,"column":25},"end":{"line":14,"column":37}}]},"2":{"loc":{"start":{"line":19,"column":2},"end":{"line":33,"column":3}},"type":"if","locations":[{"start":{"line":19,"column":2},"end":{"line":33,"column":3}},{"start":{},"end":{}}]},"3":{"loc":{"start":{"line":35,"column":2},"end":{"line":45,"column":3}},"type":"if","locations":[{"start":{"line":35,"column":2},"end":{"line":45,"column":3}},{"start":{},"end":{}}]},"4":{"loc":{"start":{"line":47,"column":2},"end":{"line":57,"column":3}},"type":"if","locations":[{"start":{"line":47,"column":2},"end":{"line":57,"column":3}},{"start":{},"end":{}}]},"5":{"loc":{"start":{"line":52,"column":14},"end":{"line":52,"column":55}},"type":"cond-expr","locations":[{"start":{"line":52,"column":32},"end":{"line":52,"column":42}},{"start":{"line":52,"column":45},"end":{"line":52,"column":55}}]},"6":{"loc":{"start":{"line":61,"column":6},"end":{"line":62,"column":62}},"type":"binary-expr","locations":[{"start":{"line":61,"column":6},"end":{"line":61,"column":28}},{"start":{"line":62,"column":6},"end":{"line":62,"column":62}}]}},"s":{"0":1,"1":1,"2":1,"3":1,"4":1,"5":1,"6":2,"7":0,"8":0,"9":2,"10":1,"11":1,"12":1,"13":1,"14":1,"15":0,"16":0,"17":1,"18":0,"19":0,"20":1},"f":{"0":2,"1":1},"b":{"0":[0,2],"1":[2,2],"2":[1,1],"3":[0,1],"4":[0,1],"5":[0,0],"6":[1,0]}}
,"C:\\Users\\HomePC\\Ismaeel.io\\Projects\\node-js-app\\src\\middleware\\morgan.ts": {"path":"C:\\Users\\HomePC\\Ismaeel.io\\Projects\\node-js-app\\src\\middleware\\morgan.ts","statementMap":{"0":{"start":{"line":1,"column":0},"end":{"line":1,"column":28}},"1":{"start":{"line":2,"column":0},"end":{"line":2,"column":31}},"2":{"start":{"line":4,"column":25},"end":{"line":10,"column":null}},"3":{"start":{"line":8,"column":26},"end":{"line":8,"column":53}},"4":{"start":{"line":13,"column":0},"end":{"line":13,"column":32}}},"fnMap":{"0":{"name":"(anonymous_1)","decl":{"start":{"line":8,"column":13},"end":{"line":8,"column":14}},"loc":{"start":{"line":8,"column":26},"end":{"line":8,"column":53}}}},"branchMap":{},"s":{"0":1,"1":1,"2":1,"3":4,"4":1},"f":{"0":4},"b":{}}
,"C:\\Users\\HomePC\\Ismaeel.io\\Projects\\node-js-app\\src\\middleware\\validate-request.ts": {"path":"C:\\Users\\HomePC\\Ismaeel.io\\Projects\\node-js-app\\src\\middleware\\validate-request.ts","statementMap":{"0":{"start":{"line":3,"column":0},"end":{"line":3,"column":24}},"1":{"start":{"line":4,"column":2},"end":{"line":15,"column":4}},"2":{"start":{"line":9,"column":22},"end":{"line":11,"column":6}},"3":{"start":{"line":13,"column":4},"end":{"line":13,"column":25}},"4":{"start":{"line":14,"column":4},"end":{"line":14,"column":11}}},"fnMap":{"0":{"name":"validateRequest","decl":{"start":{"line":3,"column":24},"end":{"line":3,"column":39}},"loc":{"start":{"line":3,"column":60},"end":{"line":16,"column":1}}},"1":{"name":"validator","decl":{"start":{"line":4,"column":24},"end":{"line":4,"column":33}},"loc":{"start":{"line":7,"column":22},"end":{"line":15,"column":3}}}},"branchMap":{},"s":{"0":1,"1":2,"2":3,"3":2,"4":2},"f":{"0":2,"1":3},"b":{}}
,"C:\\Users\\HomePC\\Ismaeel.io\\Projects\\node-js-app\\src\\routes\\v1\\index.ts": {"path":"C:\\Users\\HomePC\\Ismaeel.io\\Projects\\node-js-app\\src\\routes\\v1\\index.ts","statementMap":{"0":{"start":{"line":1,"column":0},"end":{"line":1,"column":42}},"1":{"start":{"line":2,"column":0},"end":{"line":2,"column":28}},"2":{"start":{"line":3,"column":0},"end":{"line":3,"column":34}},"3":{"start":{"line":5,"column":19},"end":{"line":5,"column":35}},"4":{"start":{"line":7,"column":0},"end":{"line":7,"column":24}},"5":{"start":{"line":8,"column":0},"end":{"line":8,"column":30}},"6":{"start":{"line":10,"column":0},"end":{"line":10,"column":18}}},"fnMap":{},"branchMap":{},"s":{"0":1,"1":1,"2":1,"3":1,"4":1,"5":1,"6":1},"f":{},"b":{}}
,"C:\\Users\\HomePC\\Ismaeel.io\\Projects\\node-js-app\\src\\routes\\v1\\projects\\controller.ts": {"path":"C:\\Users\\HomePC\\Ismaeel.io\\Projects\\node-js-app\\src\\routes\\v1\\projects\\controller.ts","statementMap":{"0":{"start":{"line":4,"column":0},"end":{"line":4,"column":49}},"1":{"start":{"line":5,"column":0},"end":{"line":5,"column":null}},"2":{"start":{"line":11,"column":28},"end":{"line":49,"column":1}},"3":{"start":{"line":12,"column":43},"end":{"line":12,"column":67}},"4":{"start":{"line":14,"column":17},"end":{"line":19,"column":null}},"5":{"start":{"line":22,"column":2},"end":{"line":28,"column":5}},"6":{"start":{"line":11,"column":13},"end":{"line":11,"column":28}},"7":{"start":{"line":51,"column":26},"end":{"line":58,"column":1}},"8":{"start":{"line":52,"column":18},"end":{"line":54,"column":null}},"9":{"start":{"line":57,"column":2},"end":{"line":57,"column":36}},"10":{"start":{"line":51,"column":13},"end":{"line":51,"column":26}},"11":{"start":{"line":60,"column":32},"end":{"line":91,"column":1}},"12":{"start":{"line":61,"column":43},"end":{"line":61,"column":67}},"13":{"start":{"line":62,"column":17},"end":{"line":64,"column":null}},"14":{"start":{"line":67,"column":2},"end":{"line":73,"column":5}},"15":{"start":{"line":60,"column":13},"end":{"line":60,"column":32}}},"fnMap":{"0":{"name":"(anonymous_0)","decl":{"start":{"line":11,"column":28},"end":{"line":11,"column":33}},"loc":{"start":{"line":11,"column":66},"end":{"line":49,"column":1}}},"1":{"name":"(anonymous_1)","decl":{"start":{"line":51,"column":26},"end":{"line":51,"column":31}},"loc":{"start":{"line":51,"column":64},"end":{"line":58,"column":1}}},"2":{"name":"(anonymous_2)","decl":{"start":{"line":60,"column":32},"end":{"line":60,"column":37}},"loc":{"start":{"line":60,"column":70},"end":{"line":91,"column":1}}}},"branchMap":{},"s":{"0":1,"1":1,"2":1,"3":0,"4":0,"5":0,"6":1,"7":1,"8":0,"9":0,"10":1,"11":1,"12":0,"13":0,"14":0,"15":1},"f":{"0":0,"1":0,"2":0},"b":{}}
,"C:\\Users\\HomePC\\Ismaeel.io\\Projects\\node-js-app\\src\\routes\\v1\\projects\\index.ts": {"path":"C:\\Users\\HomePC\\Ismaeel.io\\Projects\\node-js-app\\src\\routes\\v1\\projects\\index.ts","statementMap":{"0":{"start":{"line":1,"column":0},"end":{"line":1,"column":42}},"1":{"start":{"line":2,"column":0},"end":{"line":2,"column":74}},"2":{"start":{"line":3,"column":0},"end":{"line":3,"column":69}},"3":{"start":{"line":5,"column":25},"end":{"line":5,"column":41}},"4":{"start":{"line":7,"column":0},"end":{"line":7,"column":31}},"5":{"start":{"line":8,"column":0},"end":{"line":8,"column":32}},"6":{"start":{"line":9,"column":0},"end":{"line":9,"column":33}},"7":{"start":{"line":10,"column":0},"end":{"line":10,"column":45}},"8":{"start":{"line":12,"column":0},"end":{"line":12,"column":24}}},"fnMap":{},"branchMap":{},"s":{"0":1,"1":1,"2":1,"3":1,"4":1,"5":1,"6":1,"7":1,"8":1},"f":{},"b":{}}
,"C:\\Users\\HomePC\\Ismaeel.io\\Projects\\node-js-app\\src\\routes\\v1\\tasks\\controller.ts": {"path":"C:\\Users\\HomePC\\Ismaeel.io\\Projects\\node-js-app\\src\\routes\\v1\\tasks\\controller.ts","statementMap":{"0":{"start":{"line":2,"column":0},"end":{"line":2,"column":49}},"1":{"start":{"line":3,"column":0},"end":{"line":3,"column":null}},"2":{"start":{"line":9,"column":0},"end":{"line":9,"column":66}},"3":{"start":{"line":10,"column":0},"end":{"line":10,"column":43}},"4":{"start":{"line":11,"column":0},"end":{"line":11,"column":69}},"5":{"start":{"line":12,"column":0},"end":{"line":12,"column":44}},"6":{"start":{"line":15,"column":25},"end":{"line":57,"column":1}},"7":{"start":{"line":16,"column":43},"end":{"line":16,"column":67}},"8":{"start":{"line":17,"column":22},"end":{"line":17,"column":47}},"9":{"start":{"line":19,"column":17},"end":{"line":25,"column":null}},"10":{"start":{"line":28,"column":16},"end":{"line":28,"column":79}},"11":{"start":{"line":28,"column":47},"end":{"line":28,"column":78}},"12":{"start":{"line":29,"column":2},"end":{"line":35,"column":5}},"13":{"start":{"line":30,"column":31},"end":{"line":30,"column":43}},"14":{"start":{"line":15,"column":13},"end":{"line":15,"column":25}},"15":{"start":{"line":59,"column":23},"end":{"line":66,"column":1}},"16":{"start":{"line":60,"column":19},"end":{"line":62,"column":null}},"17":{"start":{"line":64,"column":15},"end":{"line":64,"column":46}},"18":{"start":{"line":65,"column":2},"end":{"line":65,"column":47}},"19":{"start":{"line":59,"column":13},"end":{"line":59,"column":23}},"20":{"start":{"line":68,"column":26},"end":{"line":73,"column":1}},"21":{"start":{"line":69,"column":28},"end":{"line":69,"column":62}},"22":{"start":{"line":70,"column":15},"end":{"line":70,"column":48}},"23":{"start":{"line":72,"column":2},"end":{"line":72,"column":33}},"24":{"start":{"line":68,"column":13},"end":{"line":68,"column":26}},"25":{"start":{"line":75,"column":26},"end":{"line":88,"column":1}},"26":{"start":{"line":76,"column":19},"end":{"line":78,"column":null}},"27":{"start":{"line":80,"column":15},"end":{"line":80,"column":46}},"28":{"start":{"line":81,"column":2},"end":{"line":85,"column":4}},"29":{"start":{"line":87,"column":2},"end":{"line":87,"column":47}},"30":{"start":{"line":75,"column":13},"end":{"line":75,"column":26}},"31":{"start":{"line":90,"column":35},"end":{"line":104,"column":1}},"32":{"start":{"line":91,"column":19},"end":{"line":93,"column":null}},"33":{"start":{"line":95,"column":15},"end":{"line":95,"column":46}},"34":{"start":{"line":96,"column":2},"end":{"line":96,"column":25}},"35":{"start":{"line":97,"column":2},"end":{"line":101,"column":4}},"36":{"start":{"line":103,"column":2},"end":{"line":103,"column":47}},"37":{"start":{"line":90,"column":13},"end":{"line":90,"column":35}}},"fnMap":{"0":{"name":"(anonymous_0)","decl":{"start":{"line":15,"column":25},"end":{"line":15,"column":30}},"loc":{"start":{"line":15,"column":63},"end":{"line":57,"column":1}}},"1":{"name":"(anonymous_1)","decl":{"start":{"line":28,"column":33},"end":{"line":28,"column":34}},"loc":{"start":{"line":28,"column":47},"end":{"line":28,"column":78}}},"2":{"name":"(anonymous_2)","decl":{"start":{"line":30,"column":21},"end":{"line":30,"column":22}},"loc":{"start":{"line":30,"column":31},"end":{"line":30,"column":43}}},"3":{"name":"(anonymous_3)","decl":{"start":{"line":59,"column":23},"end":{"line":59,"column":28}},"loc":{"start":{"line":59,"column":61},"end":{"line":66,"column":1}}},"4":{"name":"(anonymous_4)","decl":{"start":{"line":68,"column":26},"end":{"line":68,"column":31}},"loc":{"start":{"line":68,"column":64},"end":{"line":73,"column":1}}},"5":{"name":"(anonymous_5)","decl":{"start":{"line":75,"column":26},"end":{"line":75,"column":31}},"loc":{"start":{"line":75,"column":64},"end":{"line":88,"column":1}}},"6":{"name":"(anonymous_6)","decl":{"start":{"line":90,"column":35},"end":{"line":90,"column":40}},"loc":{"start":{"line":90,"column":73},"end":{"line":104,"column":1}}}},"branchMap":{},"s":{"0":2,"1":2,"2":2,"3":2,"4":2,"5":2,"6":2,"7":0,"8":0,"9":0,"10":0,"11":0,"12":0,"13":0,"14":2,"15":2,"16":0,"17":0,"18":0,"19":2,"20":2,"21":3,"22":3,"23":2,"24":2,"25":2,"26":0,"27":0,"28":0,"29":0,"30":2,"31":2,"32":0,"33":0,"34":0,"35":0,"36":0,"37":2},"f":{"0":0,"1":0,"2":0,"3":0,"4":3,"5":0,"6":0},"b":{}}
,"C:\\Users\\HomePC\\Ismaeel.io\\Projects\\node-js-app\\src\\routes\\v1\\tasks\\index.ts": {"path":"C:\\Users\\HomePC\\Ismaeel.io\\Projects\\node-js-app\\src\\routes\\v1\\tasks\\index.ts","statementMap":{"0":{"start":{"line":1,"column":0},"end":{"line":1,"column":42}},"1":{"start":{"line":2,"column":0},"end":{"line":2,"column":null}},"2":{"start":{"line":9,"column":0},"end":{"line":9,"column":67}},"3":{"start":{"line":10,"column":0},"end":{"line":10,"column":null}},"4":{"start":{"line":14,"column":0},"end":{"line":14,"column":62}},"5":{"start":{"line":16,"column":22},"end":{"line":16,"column":38}},"6":{"start":{"line":18,"column":0},"end":{"line":18,"column":28}},"7":{"start":{"line":19,"column":0},"end":{"line":19,"column":26}},"8":{"start":{"line":20,"column":0},"end":{"line":20,"column":27}},"9":{"start":{"line":21,"column":0},"end":{"line":21,"column":63}},"10":{"start":{"line":22,"column":0},"end":{"line":22,"column":65}},"11":{"start":{"line":23,"column":0},"end":{"line":23,"column":51}},"12":{"start":{"line":25,"column":0},"end":{"line":25,"column":21}}},"fnMap":{},"branchMap":{},"s":{"0":1,"1":1,"2":1,"3":1,"4":1,"5":1,"6":1,"7":1,"8":1,"9":1,"10":1,"11":1,"12":1},"f":{},"b":{}}
,"C:\\Users\\HomePC\\Ismaeel.io\\Projects\\node-js-app\\src\\services\\mailer\\index.ts": {"path":"C:\\Users\\HomePC\\Ismaeel.io\\Projects\\node-js-app\\src\\services\\mailer\\index.ts","statementMap":{"0":{"start":{"line":1,"column":0},"end":{"line":1,"column":30}},"1":{"start":{"line":3,"column":0},"end":{"line":3,"column":61}},"2":{"start":{"line":4,"column":0},"end":{"line":4,"column":66}},"3":{"start":{"line":6,"column":22},"end":{"line":6,"column":36}},"4":{"start":{"line":10,"column":9},"end":{"line":10,"column":15}},"5":{"start":{"line":8,"column":0},"end":{"line":8,"column":55}},"6":{"start":{"line":8,"column":29},"end":{"line":8,"column":55}}},"fnMap":{},"branchMap":{"0":{"loc":{"start":{"line":8,"column":0},"end":{"line":8,"column":55}},"type":"if","locations":[{"start":{"line":8,"column":0},"end":{"line":8,"column":55}},{"start":{},"end":{}}]}},"s":{"0":1,"1":1,"2":1,"3":1,"4":1,"5":1,"6":1},"f":{},"b":{"0":[1,0]}}
,"C:\\Users\\HomePC\\Ismaeel.io\\Projects\\node-js-app\\src\\services\\mailer\\console-log-mailer\\ConsoleLogMailer.ts": {"path":"C:\\Users\\HomePC\\Ismaeel.io\\Projects\\node-js-app\\src\\services\\mailer\\console-log-mailer\\ConsoleLogMailer.ts","statementMap":{"0":{"start":{"line":5,"column":4},"end":{"line":5,"column":39}},"1":{"start":{"line":3,"column":0},"end":{"line":3,"column":13}}},"fnMap":{"0":{"name":"(anonymous_0)","decl":{"start":{"line":4,"column":2},"end":{"line":4,"column":7}},"loc":{"start":{"line":4,"column":48},"end":{"line":6,"column":3}}}},"branchMap":{},"s":{"0":0,"1":1},"f":{"0":0},"b":{}}
,"C:\\Users\\HomePC\\Ismaeel.io\\Projects\\node-js-app\\src\\services\\mailer\\console-log-mailer\\index.ts": {"path":"C:\\Users\\HomePC\\Ismaeel.io\\Projects\\node-js-app\\src\\services\\mailer\\console-log-mailer\\index.ts","statementMap":{"0":{"start":{"line":1,"column":0},"end":{"line":1,"column":54}},"1":{"start":{"line":3,"column":15},"end":{"line":3,"column":37}},"2":{"start":{"line":5,"column":9},"end":{"line":5,"column":15}}},"fnMap":{},"branchMap":{},"s":{"0":1,"1":1,"2":1},"f":{},"b":{}}
,"C:\\Users\\HomePC\\Ismaeel.io\\Projects\\node-js-app\\src\\services\\mailer\\mailtrap-mailer\\MailtrapMailer.ts": {"path":"C:\\Users\\HomePC\\Ismaeel.io\\Projects\\node-js-app\\src\\services\\mailer\\mailtrap-mailer\\MailtrapMailer.ts","statementMap":{"0":{"start":{"line":2,"column":0},"end":{"line":2,"column":36}},"1":{"start":{"line":4,"column":0},"end":{"line":4,"column":30}},"2":{"start":{"line":10,"column":43},"end":{"line":17,"column":6}},"3":{"start":{"line":18,"column":4},"end":{"line":18,"column":59}},"4":{"start":{"line":22,"column":4},"end":{"line":28,"column":7}},"5":{"start":{"line":6,"column":0},"end":{"line":6,"column":13}}},"fnMap":{"0":{"name":"(anonymous_1)","decl":{"start":{"line":9,"column":2},"end":{"line":9,"column":null}},"loc":{"start":{"line":9,"column":2},"end":{"line":19,"column":3}}},"1":{"name":"(anonymous_2)","decl":{"start":{"line":21,"column":2},"end":{"line":21,"column":7}},"loc":{"start":{"line":21,"column":48},"end":{"line":29,"column":3}}}},"branchMap":{},"s":{"0":2,"1":2,"2":2,"3":2,"4":1,"5":2},"f":{"0":2,"1":1},"b":{}}
,"C:\\Users\\HomePC\\Ismaeel.io\\Projects\\node-js-app\\src\\services\\mailer\\mailtrap-mailer\\index.ts": {"path":"C:\\Users\\HomePC\\Ismaeel.io\\Projects\\node-js-app\\src\\services\\mailer\\mailtrap-mailer\\index.ts","statementMap":{"0":{"start":{"line":1,"column":0},"end":{"line":1,"column":50}},"1":{"start":{"line":3,"column":15},"end":{"line":3,"column":35}},"2":{"start":{"line":5,"column":9},"end":{"line":5,"column":15}}},"fnMap":{},"branchMap":{},"s":{"0":1,"1":1,"2":1},"f":{},"b":{}}
,"C:\\Users\\HomePC\\Ismaeel.io\\Projects\\node-js-app\\src\\use-cases\\CreateTaskUseCase.ts": {"path":"C:\\Users\\HomePC\\Ismaeel.io\\Projects\\node-js-app\\src\\use-cases\\CreateTaskUseCase.ts","statementMap":{"0":{"start":{"line":1,"column":0},"end":{"line":1,"column":30}},"1":{"start":{"line":2,"column":0},"end":{"line":2,"column":49}},"2":{"start":{"line":3,"column":0},"end":{"line":3,"column":30}},"3":{"start":{"line":9,"column":14},"end":{"line":9,"column":26}},"4":{"start":{"line":10,"column":14},"end":{"line":10,"column":29}},"5":{"start":{"line":14,"column":17},"end":{"line":16,"column":null}},"6":{"start":{"line":19,"column":4},"end":{"line":25,"column":45}},"7":{"start":{"line":25,"column":24},"end":{"line":25,"column":43}},"8":{"start":{"line":27,"column":4},"end":{"line":27,"column":16}},"9":{"start":{"line":7,"column":0},"end":{"line":7,"column":13}}},"fnMap":{"0":{"name":"(anonymous_1)","decl":{"start":{"line":8,"column":2},"end":{"line":8,"column":null}},"loc":{"start":{"line":10,"column":29},"end":{"line":11,"column":6}}},"1":{"name":"(anonymous_2)","decl":{"start":{"line":13,"column":2},"end":{"line":13,"column":7}},"loc":{"start":{"line":13,"column":15},"end":{"line":28,"column":3}}},"2":{"name":"(anonymous_3)","decl":{"start":{"line":25,"column":13},"end":{"line":25,"column":14}},"loc":{"start":{"line":25,"column":24},"end":{"line":25,"column":43}}}},"branchMap":{},"s":{"0":3,"1":3,"2":3,"3":2,"4":2,"5":2,"6":2,"7":1,"8":2,"9":3},"f":{"0":2,"1":2,"2":1},"b":{}}
}
